<?xml version="1.0" encoding="UTF-8"?>
<testng-results ignored="0" total="1" passed="1" failed="0" skipped="0">
  <reporter-output>
  </reporter-output>
  <suite started-at="2025-08-29T11:11:37 IST" name="Default suite" finished-at="2025-08-29T11:12:02 IST" duration-ms="25810">
    <groups>
    </groups>
    <test started-at="2025-08-29T11:11:37 IST" name="Default test" finished-at="2025-08-29T11:12:02 IST" duration-ms="25810">
      <class name="test.Login_Runner">
        <test-method is-config="true" signature="beforeTest()[pri:0, instance:test.Login_Runner@4983159f]" started-at="2025-08-29T11:11:37 IST" name="beforeTest" finished-at="2025-08-29T11:11:51 IST" duration-ms="14193" status="PASS">
          <reporter-output>
          </reporter-output>
        </test-method> <!-- beforeTest -->
        <test-method signature="f()[pri:0, instance:test.Login_Runner@4983159f]" started-at="2025-08-29T11:11:51 IST" name="f" finished-at="2025-08-29T11:11:57 IST" duration-ms="6406" status="PASS">
          <reporter-output>
          </reporter-output>
        </test-method> <!-- f -->
        <test-method is-config="true" signature="afterTest()[pri:0, instance:test.Login_Runner@4983159f]" started-at="2025-08-29T11:11:57 IST" name="afterTest" finished-at="2025-08-29T11:12:02 IST" duration-ms="5081" status="PASS">
          <reporter-output>
          </reporter-output>
        </test-method> <!-- afterTest -->
      </class> <!-- test.Login_Runner -->
    </test> <!-- Default test -->
  </suite> <!-- Default suite -->
</testng-results>
